Flutter crash report; please file at https://github.com/flutter/flutter/issues.

## command

flutter --no-color attach --machine lib\main.dart

## exception

ProcessException: ProcessException: Process "D:/Android/Sdk\platform-tools\adb" exited abnormally:
error: listener 'tcp:52146' not found
  Command: D:/Android/Sdk\platform-tools\adb -s 92dec67f forward --remove tcp:52146

```
#0      runCheckedAsync (package:flutter_tools/src/base/process.dart:251:5)
<asynchronous suspension>
#1      _AndroidDevicePortForwarder.unforward (package:flutter_tools/src/android/android_device.dart:876:11)
<asynchronous suspension>
#2      AttachCommand.runCommand (package:flutter_tools/src/commands/attach.dart:213:36)
<asynchronous suspension>
#3      FlutterCommand.verifyThenRunCommand (package:flutter_tools/src/runner/flutter_command.dart:401:18)
#4      _asyncThenWrapperHelper.<anonymous closure> (dart:async/runtime/libasync_patch.dart:77:64)
#5      _rootRunUnary (dart:async/zone.dart:1132:38)
#6      _CustomZone.runUnary (dart:async/zone.dart:1029:19)
#7      _FutureListener.handleValue (dart:async/future_impl.dart:129:18)
#8      Future._propagateToListeners.handleValueCallback (dart:async/future_impl.dart:642:45)
#9      Future._propagateToListeners (dart:async/future_impl.dart:671:32)
#10     Future._complete (dart:async/future_impl.dart:476:7)
#11     _SyncCompleter.complete (dart:async/future_impl.dart:51:12)
#12     _AsyncAwaitCompleter.complete.<anonymous closure> (dart:async/runtime/libasync_patch.dart:33:20)
#13     _rootRun (dart:async/zone.dart:1124:13)
#14     _CustomZone.run (dart:async/zone.dart:1021:19)
#15     _CustomZone.bindCallback.<anonymous closure> (dart:async/zone.dart:947:23)
#16     _microtaskLoop (dart:async/schedule_microtask.dart:41:21)
#17     _startMicrotaskLoop (dart:async/schedule_microtask.dart:50:5)
#18     _runPendingImmediateCallback (dart:isolate/runtime/libisolate_patch.dart:115:13)
#19     _RawReceivePortImpl._handleMessage (dart:isolate/runtime/libisolate_patch.dart:172:5)
```

## flutter doctor

```
[✓] Flutter (Channel dev, v0.11.13, on Microsoft Windows [Version 10.0.17134.407], locale sv-SE)
    • Flutter version 0.11.13 at D:\flutter_windows_v0.3.1-beta\flutter
    • Framework revision 58c8489fcd (4 days ago), 2018-11-29 19:20:18 -0500
    • Engine revision 7375a0f414
    • Dart version 2.1.0 (build 2.1.0-dev.9.4 f9ebf21297)

[✓] Android toolchain - develop for Android devices (Android SDK 28.0.3)
    • Android SDK at D:/Android/Sdk
    • Android NDK location not configured (optional; useful for native profiling support)
    • Platform android-28, build-tools 28.0.3
    • ANDROID_HOME = D:/Android/Sdk
    • Java binary at: D:\Android\Android Studio\jre\bin\java
    • Java version OpenJDK Runtime Environment (build 1.8.0_152-release-1136-b06)
    • All Android licenses accepted.

[✓] Android Studio (version 3.2)
    • Android Studio at D:\Android\Android Studio
    • Flutter plugin version 31.1.1
    • Dart plugin version 181.5656
    • Java version OpenJDK Runtime Environment (build 1.8.0_152-release-1136-b06)

[✓] VS Code, 64-bit edition (version 1.29.1)
    • VS Code at C:\Program Files\Microsoft VS Code
    • Flutter extension version 2.21.0

[✓] Connected device (1 available)
    • GT I9506 • 92dec67f • android-arm • Android 5.0.1 (API 21)

• No issues found!
```
